[    0.000000] Linux version 4.15.0-74-generic (buildd@lcy01-amd64-022) (gcc version 7.4.0 (Ubuntu 7.4.0-1ubuntu1~18.04.1)) #84-Ubuntu SMP Thu Dec 19 08:06:28 UTC 2019 (Ubuntu 4.15.0-74.84-generic 4.15.18)
[    0.000000] Command line: BOOT_IMAGE=/boot/vmlinuz-4.15.0-74-generic root=LABEL=cloudimg-rootfs ro console=tty1 console=ttyS0
[    0.000000] KERNEL supported cpus:
[    0.000000]   Intel GenuineIntel
[    0.000000]   AMD AuthenticAMD
[    0.000000]   Centaur CentaurHauls
[    0.000000] x86/fpu: Supporting XSAVE feature 0x001: 'x87 floating point registers'
[    0.000000] x86/fpu: Supporting XSAVE feature 0x002: 'SSE registers'
[    0.000000] x86/fpu: Supporting XSAVE feature 0x004: 'AVX registers'
[    0.000000] x86/fpu: xstate_offset[2]:  576, xstate_sizes[2]:  256
[    0.000000] x86/fpu: Enabled xstate features 0x7, context size is 832 bytes, using 'standard' format.
[    0.000000] e820: BIOS-provided physical RAM map:
[    0.000000] BIOS-e820: [mem 0x0000000000000000-0x000000000009fbff] usable
[    0.000000] BIOS-e820: [mem 0x000000000009fc00-0x000000000009ffff] reserved
[    0.000000] BIOS-e820: [mem 0x00000000000f0000-0x00000000000fffff] reserved
[    0.000000] BIOS-e820: [mem 0x0000000000100000-0x000000003ffeffff] usable
[    0.000000] BIOS-e820: [mem 0x000000003fff0000-0x000000003fffffff] ACPI data
[    0.000000] BIOS-e820: [mem 0x00000000fec00000-0x00000000fec00fff] reserved
[    0.000000] BIOS-e820: [mem 0x00000000fee00000-0x00000000fee00fff] reserved
[    0.000000] BIOS-e820: [mem 0x00000000fffc0000-0x00000000ffffffff] reserved
[    0.000000] NX (Execute Disable) protection: active
[    0.000000] SMBIOS 2.5 present.
[    0.000000] DMI: innotek GmbH VirtualBox/VirtualBox, BIOS VirtualBox 12/01/2006
[    0.000000] Hypervisor detected: KVM
[    0.000000] e820: last_pfn = 0x3fff0 max_arch_pfn = 0x400000000
[    0.000000] MTRR: Disabled
[    0.000000] x86/PAT: MTRRs disabled, skipping PAT initialization too.
[    0.000000] CPU MTRRs all blank - virtualized system.
[    0.000000] x86/PAT: Confiation [0-7]: WB  WT  UC- UC  WB  WT  UC- UC  
[    0.000000] found SMP MP-table at [mem 0x0009fff0-0x0009ffff]
[    0.000000] Scanning 1 areas for low memory corruption
[    0.000000] RAMDISK: [mem 0x35a6b000-0x36d2cfff]
[    0.000000] ACPI: Early table checksum verification disabled
[    0.000000] ACPI: RSDP 0x00000000000E0000 000024 (v02 VBOX  )
[    0.000000] ACPI: XSDT 0x000000003FFF0030 00003C (v01 VBOX   VBOXXSDT 00000001 ASL  00000061)
[    0.000000] ACPI: FACP 0x000000003FFF00F0 0000F4 (v04 VBOX   VBOXFACP 00000001 ASL  00000061)
[    0.000000] ACPI: DSDT 0x000000003FFF0470 0022EA (v02 VBOX   VBOXBIOS 00000002 INTL 20100528)
[    0.000000] ACPI: FACS 0x000000003FFF0200 000040
[    0.000000] ACPI: FACS 0x000000003FFF0200 000040
[    0.000000] ACPI: APIC 0x000000003FFF0240 00005C (v02 VBOX   VBOXAPIC 00000001 ASL  00000061)
[    0.000000] ACPI: SSDT 0x000000003FFF02A0 0001CC (v01 VBOX   VBOXCPUT 00000002 INTL 20100528)
[    0.000000] No NUMA configuration found
[    0.000000] Faking a node at [mem 0x0000000000000000-0x000000003ffeffff]
[    0.000000] NODE_DATA(0) allocated [mem 0x3ffc5000-0x3ffeffff]
[    0.000000] kvm-clock: cpu 0, msr 0:3ff44001, primary cpu clock
[    0.000000] kvm-clock: Using msrs 4b564d01 and 4b564d00
[    0.000000] kvm-clock: using sched offset of 6742425141 cycles
[    0.000000] clocksource: kvm-clock: mask: 0xffffffffffffffff max_cycles: 0x1cd42e4dffb, max_idle_ns: 881590591483 ns
[    0.000000] Zone ranges:
[    0.000000]   DMA      [mem 0x0000000000001000-0x0000000000ffffff]
[    0.000000]   DMA32    [mem 0x0000000001000000-0x000000003ffeffff]
[    0.000000]   Normal   empty
[    0.000000]   Device   empty
[    0.000000] Movable zone start for each node
[    0.000000] Early memory node ranges
[    0.000000]   node   0: [mem 0x0000000000001000-0x000000000009efff]
[    0.000000]   node   0: [mem 0x0000000000100000-0x000000003ffeffff]
[    0.000000] Reserved but unavailable: 98 pages
[    0.000000] Initmem setup node 0 [mem 0x0000000000001000-0x000000003ffeffff]
[    0.000000] ACPI: PM-Timer IO Port: 0x4008
[    0.000000] IOAPIC[0]: apic_id 2, version 32, address 0xfec00000, GSI 0-23
[    0.000000] ACPI: INT_SRC_OVR (bus 0 bus_irq 0 global_irq 2 dfl dfl)
[    0.000000] ACPI: INT_SRC_OVR (bus 0 bus_irq 9 global_irq 9 low level)
[    0.000000] Using ACPI (MADT) for SMP configuration information
[    0.000000] smpboot: Allowing 2 CPUs, 0 hotplug CPUs
[    0.000000] PM: Registered nosave memory: [mem 0x00000000-0x00000fff]
[    0.000000] PM: Registered nosave memory: [mem 0x0009f000-0x0009ffff]
[    0.000000] PM: Registered nosave memory: [mem 0x000a0000-0x000effff]
[    0.000000] PM: Registered nosave memory: [mem 0x000f0000-0x000fffff]
[    0.000000] e820: [mem 0x40000000-0xfebfffff] available for PCI devices
[    0.000000] Booting paravirtualized kernel on KVM
[    0.000000] clocksource: refined-jiffies: mask: 0xffffffff max_cycles: 0xffffffff, max_idle_ns: 7645519600211568 ns
[    0.000000] random: get_random_bytes called from start_kernel+0x99/0x4fd with crng_init=0
[    0.000000] setup_percpu: NR_CPUS:8192 nr_cpumask_bits:2 nr_cpu_ids:2 nr_node_ids:1
[    0.000000] percpu: Embedded 45 pages/cpu s147456 r8192 d28672 u1048576
[    0.000000] PV qspinlock hash table entries: 256 (order: 0, 4096 bytes)
[    0.000000] Built 1 zonelists, mobility grouping on.  Total pages: 257913
[    0.000000] Policy zone: DMA32
[    0.000000] Kernel command line: BOOT_IMAGE=/boot/vmlinuz-4.15.0-74-generic root=LABEL=cloudimg-rootfs ro console=tty1 console=ttyS0
[    0.000000] Memory: 983072K/1048120K available (12300K kernel code, 2481K rwdata, 4260K rodata, 2428K init, 2704K bss, 65048K reserved, 0K cma-reserved)
[    0.000000] SLUB: HWalign=64, Order=0-3, MinObjects=0, CPUs=2, Nodes=1
[    0.000000] Kernel/User page tables isolation: enabled
[    0.000000] ftrace: allocating 39322 entries in 154 pages
[    0.004000] Hierarchical RCU implementation.
[    0.004000] 	RCU restricting CPUs from NR_CPUS=8192 to nr_cpu_ids=2.
[    0.004000] 	Tasks RCU enabled.
[    0.004000] RCU: Adjusting geometry for rcu_fanout_leaf=16, nr_cpu_ids=2
[    0.004000] NR_IRQS: 524544, nr_irqs: 440, preallocated irqs: 16
[    0.004000] Console: colour VGA+ 80x25
[    0.004000] console [tty1] enabled
[    0.004000] console [ttyS0] enabled
[    0.004000] ACPI: Core revision 20170831
[    0.004000] ACPI: 2 ACPI AML tables successfully acquired and loaded
[    0.004000] APIC: Switch to symmetric I/O mode setup
[    0.004489] x2apic enabled
[    0.008011] Switched APIC routing to physical x2apic.
[    0.014348] ..TIMER: vector=0x30 apic1=0 pin1=2 apic2=-1 pin2=-1
[    0.016008] tsc: Detected 1799.999 MHz processor
[    0.020014] Calibrating delay loop (skipped) preset value.. 3599.99 BogoMIPS (lpj=7199996)
[    0.024010] pid_max: default: 32768 minimum: 301
[    0.028058] Security Framework initialized
[    0.032009] Yama: becoming mindful.
[    0.036381] AppArmor: AppArmor initialized
[    0.044560] Dentry cache hash table entries: 131072 (order: 8, 1048576 bytes)
[    0.048116] Inode-cache hash table entries: 65536 (order: 7, 524288 bytes)
[    0.052038] Mount-cache hash table entries: 2048 (order: 2, 16384 bytes)
[    0.056021] Mountpoint-cache hash table entries: 2048 (order: 2, 16384 bytes)
[    0.060597] Last level iTLB entries: 4KB 64, 2MB 8, 4MB 8
[    0.064009] Last level dTLB entries: 4KB 64, 2MB 0, 4MB 0, 1GB 4
[    0.068008] Spectre V1 : Mitigation: usercopy/swapgs barriers and __user pointer sanitization
[    0.072008] Spectre V2 : Mitigation: Full generic retpoline
[    0.076007] Spectre V2 : Spectre v2 / SpectreRSB mitigation: Filling RSB on context switch
[    0.080007] Speculative Store Bypass: Vulnerable
[    0.084062] MDS: Vulnerable: Clear CPU buffers attempted, no microcode
[    0.088211] Freeing SMP alternatives memory: 36K
[    0.205073] smpboot: CPU0: Intel(R) Core(TM) i5-5350U CPU @ 1.80GHz (family: 0x6, model: 0x3d, stepping: 0x4)
[    0.208099] Performance Events: unsupported p6 CPU model 61 no PMU driver, software events only.
[    0.212069] Hierarchical SRCU implementation.
[    0.216756] NMI watchdog: Perf event create on CPU 0 failed with -2
[    0.220007] NMI watchdog: Perf NMI watchdog permanently disabled
[    0.224110] smp: Bringing up secondary CPUs ...
[    0.228123] x86: Booting SMP configuration:
[    0.230670] .... node  #0, CPUs:      #1
[    0.004000] kvm-clock: cpu 1, msr 0:3ff44041, secondary cpu clock
[    0.264054] smp: Brought up 1 node, 2 CPUs
[    0.265531] smpboot: Max logical packages: 1
[    0.268011] smpboot: Total of 2 processors activated (7199.99 BogoMIPS)
[    0.272072] devtmpfs: initialized
[    0.273594] x86/mm: Memory block size: 128MB
[    0.275808] evm: security.selinux
[    0.276009] evm: security.SMACK64
[    0.280005] evm: security.SMACK64EXEC
[    0.284006] evm: security.SMACK64TRANSMUTE
[    0.288005] evm: security.SMACK64MMAP
[    0.290636] evm: security.apparmor
[    0.292006] evm: security.ima
[    0.293121] evm: security.capability
[    0.296175] clocksource: jiffies: mask: 0xffffffff max_cycles: 0xffffffff, max_idle_ns: 7645041785100000 ns
[    0.300024] futex hash table entries: 512 (order: 3, 32768 bytes)
[    0.307199] pinctrl core: initialized pinctrl subsystem
[    0.308189] RTC time:  7:04:10, date: 01/26/20
[    0.312375] NET: Registered protocol family 16
[    0.316137] audit: initializing netlink subsys (disabled)
[    0.320069] audit: type=2000 audit(1580022257.660:1): state=initialized audit_enabled=0 res=1
[    0.328015] cpuidle: using governor ladder
[    0.329683] cpuidle: using governor menu
[    0.332085] ACPI: bus type PCI registered
[    0.336007] acpiphp: ACPI Hot Plug PCI Controller Driver version: 0.5
[    0.340160] PCI: Using configuration type 1 for base access
[    0.345532] HugeTLB registered 2.00 MiB page size, pre-allocated 0 pages
[    0.348132] ACPI: Added _OSI(Module Device)
[    0.352005] ACPI: Added _OSI(Processor Device)
[    0.354490] ACPI: Added _OSI(3.0 _SCP Extensions)
[    0.356009] ACPI: Added _OSI(Processor Aggregator Device)
[    0.360010] ACPI: Added _OSI(Linux-Dell-Video)
[    0.364011] ACPI: Added _OSI(Linux-Lenovo-NV-HDMI-Audio)
[    0.368012] ACPI: Added _OSI(Linux-HPI-Hybrid-Graphics)
[    0.372720] ACPI: Executed 1 blocks of module-level executable AML code
[    0.382350] ACPI: Interpreter enabled
[    0.384025] ACPI: (supports S0 S5)
[    0.385957] ACPI: Using IOAPIC for interrupt routing
[    0.388469] PCI: Using host bridge windows from ACPI; if necessary, use "pci=nocrs" and report a bug
[    0.392443] ACPI: Enabled 2 GPEs in block 00 to 07
[    0.410430] ACPI: PCI Root Bridge [PCI0] (domain 0000 [bus 00-ff])
[    0.412022] acpi PNP0A03:00: _OSC: OS supports [ASPM ClockPM Segments MSI]
[    0.416531] acpi PNP0A03:00: _OSC: not requesting OS control; OS requires [ExtendedConfig ASPM ClockPM MSI]
[    0.420029] acpi PNP0A03:00: fail to add MMCONFIG information, can't access extended PCI configuration space under this bridge.
[    0.424576] PCI host bridge to bus 0000:00
[    0.428012] pci_bus 0000:00: root bus resource [io  0x0000-0x0cf7 window]
[    0.432010] pci_bus 0000:00: root bus resource [io  0x0d00-0xffff window]
[    0.436009] pci_bus 0000:00: root bus resource [mem 0x000a0000-0x000bffff window]
[    0.440011] pci_bus 0000:00: root bus resource [mem 0x40000000-0xfdffffff window]
[    0.444012] pci_bus 0000:00: root bus resource [bus 00-ff]
[    0.452293] pci 0000:00:01.1: legacy IDE quirk: reg 0x10: [io  0x01f0-0x01f7]
[    0.456009] pci 0000:00:01.1: legacy IDE quirk: reg 0x14: [io  0x03f6]
[    0.460010] pci 0000:00:01.1: legacy IDE quirk: reg 0x18: [io  0x0170-0x0177]
[    0.464010] pci 0000:00:01.1: legacy IDE quirk: reg 0x1c: [io  0x0376]
[    0.499627] pci 0000:00:07.0: quirk: [io  0x4000-0x403f] claimed by PIIX4 ACPI
[    0.500040] pci 0000:00:07.0: quirk: [io  0x4100-0x410f] claimed by PIIX4 SMB
[    0.525405] ACPI: PCI Interrupt Link [LNKA] (IRQs 5 9 10 *11)
[    0.528451] ACPI: PCI Interrupt Link [LNKB] (IRQs 5 9 *10 11)
[    0.532277] ACPI: PCI Interrupt Link [LNKC] (IRQs 5 *9 10 11)
[    0.536281] ACPI: PCI Interrupt Link [LNKD] (IRQs 5 9 10 *11)
[    0.540301] SCSI subsystem initialized
[    0.541925] pci 0000:00:02.0: vgaarb: setting as boot VGA device
[    0.542548] pci 0000:00:02.0: vgaarb: VGA device added: decodes=io+mem,owns=io+mem,locks=none
[    0.544010] pci 0000:00:02.0: vgaarb: bridge control possible
[    0.548004] vgaarb: loaded
[    0.552050] ACPI: bus type USB registered
[    0.553672] usbcore: registered new interface driver usbfs
[    0.555716] usbcore: registered new interface driver hub
[    0.556034] usbcore: registered new device driver usb
[    0.560087] EDAC MC: Ver: 3.0.0
[    0.562388] PCI: Using ACPI for IRQ routing
[    0.564626] NetLabel: Initializing
[    0.568006] NetLabel:  domain hash size = 128
[    0.569898] NetLabel:  protocols = UNLABELED CIPSOv4 CALIPSO
[    0.572072] NetLabel:  unlabeled traffic allowed by default
[    0.580138] clocksource: Switched to clocksource kvm-clock
[    0.606219] VFS: Disk quotas dquot_6.6.0
[    0.609427] VFS: Dquot-cache hash table entries: 512 (order 0, 4096 bytes)
[    0.612731] AppArmor: AppArmor Filesystem Enabled
[    0.615623] pnp: PnP ACPI init
[    0.619625] pnp: PnP ACPI: found 3 devices
[    0.634636] clocksource: acpi_pm: mask: 0xffffff max_cycles: 0xffffff, max_idle_ns: 2085701024 ns
[    0.639103] NET: Registered protocol family 2
[    0.642482] TCP established hash table entries: 8192 (order: 4, 65536 bytes)
[    0.649873] TCP bind hash table entries: 8192 (order: 5, 131072 bytes)
[    0.656145] TCP: Hash tables configured (established 8192 bind 8192)
[    0.660785] UDP hash table entries: 512 (order: 2, 16384 bytes)
[    0.666789] UDP-Lite hash table entries: 512 (order: 2, 16384 bytes)
[    0.671718] NET: Registered protocol family 1
[    0.678125] pci 0000:00:00.0: Limiting direct PCI/PCI transfers
[    0.680441] pci 0000:00:01.0: Activating ISA DMA hang workarounds
[    0.684298] pci 0000:00:02.0: Video device with shadowed ROM at [mem 0x000c0000-0x000dffff]
[    0.692345] Unpacking initramfs...
[    1.246737] Freeing initrd memory: 19208K
[    1.251835] clocksource: tsc: mask: 0xffffffffffffffff max_cycles: 0x19f228ab7a2, max_idle_ns: 440795289252 ns
[    1.265251] platform rtc_cmos: registered platform RTC device (no PNP device found)
[    1.273187] Scanning for low memory corruption every 60 seconds
[    1.279927] Initialise system trusted keyrings
[    1.284031] Key type blacklist registered
[    1.289001] workingset: timestamp_bits=36 max_order=18 bucket_order=0
[    1.296950] zbud: loaded
[    1.300835] squashfs: version 4.0 (2009/01/31) Phillip Lougher
[    1.307881] fuse init (API version 7.26)
[    1.327373] Key type asymmetric registered
[    1.330721] Asymmetric key parser 'x509' registered
[    1.334873] Block layer SCSI generic (bsg) driver version 0.4 loaded (major 246)
[    1.342677] io scheduler noop registered
[    1.345647] io scheduler deadline registered
[    1.349223] io scheduler cfq registered (default)
[    1.352387] ACPI: AC Adapter [AC] (on-line)
[    1.354358] input: Power Button as /devices/LNXSYSTM:00/LNXPWRBN:00/input/input0
[    1.357610] ACPI: Power Button [PWRF]
[    1.361335] input: Sleep Button as /devices/LNXSYSTM:00/LNXSLPBN:00/input/input1
[    1.368029] ACPI: Sleep Button [SLPF]
[    1.372599] Serial: 8250/16550 driver, 32 ports, IRQ sharing enabled
[    1.372968] ACPI: Battery Slot [BAT0] (battery present)
[    1.400572] 00:02: ttyS0 at I/O 0x3f8 (irq = 4, base_baud = 115200) is a 16550A
[    1.411646] Linux agpgart interface v0.103
[    1.418636] loop: module loaded
[    1.422313] scsi host0: ata_piix
[    1.424204] scsi host1: ata_piix
[    1.426854] ata1: PATA max UDMA/33 cmd 0x1f0 ctl 0x3f6 bmdma 0xd000 irq 14
[    1.439688] ata2: PATA max UDMA/33 cmd 0x170 ctl 0x376 bmdma 0xd008 irq 15
[    1.449241] libphy: Fixed MDIO Bus: probed
[    1.453517] tun: Universal TUN/TAP device driver, 1.6
[    1.458440] PPP generic driver version 2.4.2
[    1.460846] ehci_hcd: USB 2.0 'Enhanced' Host Controller (EHCI) Driver
[    1.464805] ehci-pci: EHCI PCI platform driver
[    1.469663] ehci-platform: EHCI generic platform driver
[    1.475721] ohci_hcd: USB 1.1 'Open' Host Controller (OHCI) Driver
[    1.479963] ohci-pci: OHCI PCI platform driver
[    1.490047] ohci-platform: OHCI generic platform driver
[    1.497095] uhci_hcd: USB Universal Host Controller Interface driver
[    1.499862] i8042: PNP: PS/2 Controller [PNP0303:PS2K,PNP0f03:PS2M] at 0x60,0x64 irq 1,12
[    1.508365] serio: i8042 KBD port at 0x60,0x64 irq 1
[    1.510247] serio: i8042 AUX port at 0x60,0x64 irq 12
[    1.513372] mousedev: PS/2 mouse device common for all mice
[    1.518718] input: AT Translated Set 2 keyboard as /devices/platform/i8042/serio0/input/input2
[    1.525472] rtc_cmos rtc_cmos: rtc core: registered rtc_cmos as rtc0
[    1.531167] rtc_cmos rtc_cmos: alarms up to one day, 114 bytes nvram
[    1.543276] i2c /dev entries driver
[    1.547235] device-mapper: uevent: version 1.0.3
[    1.550445] device-mapper: ioctl: 4.37.0-ioctl (2017-09-20) initialised: dm-devel@redhat.com
[    1.555820] ledtrig-cpu: registered to indicate activity on CPUs
[    1.560272] NET: Registered protocol family 10
[    1.568986] Segment Routing with IPv6
[    1.570792] NET: Registered protocol family 17
[    1.574471] Key type dns_resolver registered
[    1.585110] mce: Using 0 MCE banks
[    1.588922] RAS: Correctable Errors collector initialized.
[    1.592374] sched_clock: Marking stable (1592330684, 0)->(2591761135, -999430451)
[    1.598627] registered taskstats version 1
[    1.600835] Loading compiled-in X.509 certificates
[    1.606850] Loaded X.509 cert 'Build time autogenerated kernel key: 62d24f9c726e026b112735485dad6e6e4b50c923'
[    1.613362] zswap: loaded using pool lzo/zbud
[    1.621073] Key type big_key registered
[    1.622700] Key type trusted registered
[    1.627722] Key type encrypted registered
[    1.631737] AppArmor: AppArmor sha1 policy hashing enabled
[    1.633968] ima: No TPM chip found, activating TPM-bypass! (rc=-19)
[    1.638534] ima: Allocated hash algorithm: sha1
[    1.647382] evm: HMAC attrs: 0x1
[    1.651899]   Magic number: 4:177:67
[    1.654037] rtc_cmos rtc_cmos: setting system clock to 2020-01-26 07:04:11 UTC (1580022251)
[    1.660111] BIOS EDD facility v0.16 2004-Jun-25, 0 devices found
[    1.663412] EDD information not available.
[    1.673240] Freeing unused kernel image memory: 2428K
[    1.692344] Write protecting the kernel read-only data: 20480k
[    1.698622] Freeing unused kernel image memory: 2008K
[    1.702743] Freeing unused kernel image memory: 1884K
[    1.719471] x86/mm: Checked W+X mappings: passed, no W+X pages found.
[    1.724058] x86/mm: Checking user space page tables
[    1.738378] x86/mm: Checked W+X mappings: passed, no W+X pages found.
Loading, please wait...
starting version 237
[    1.869437] e1000: Intel(R) PRO/1000 Network Driver - version 7.3.21-k8-NAPI
[    1.883668] e1000: Copyright (c) 1999-2006 Intel Corporation.
[    1.924902] Fusion MPT base driver 3.04.20
[    1.938972] Copyright (c) 1999-2008 LSI Corporation
[    1.963927] AVX2 version of gcm_enc/dec engaged.
[    1.982068] AES CTR mode by8 optimization enabled
[    2.011074] Fusion MPT SPI Host driver 3.04.20
[    2.130133] input: ImExPS/2 Generic Explorer Mouse as /devices/platform/i8042/serio1/input/input4
[    2.540707] e1000 0000:00:03.0 eth0: (PCI:33MHz:32-bit) 02:6f:f9:1e:39:dc
[    2.547759] e1000 0000:00:03.0 eth0: Intel(R) PRO/1000 Network Connection
[    2.555783] mptbase: ioc0: Initiating bringup
[    2.652504] ioc0: LSI53C1030 A0: Capabilities={Initiator}
[    2.905639] scsi host2: ioc0: LSI53C1030 A0, FwRev=00000000h, Ports=1, MaxQ=256, IRQ=20
[    3.076981] scsi 2:0:0:0: Direct-Access     VBOX     HARDDISK         1.0  PQ: 0 ANSI: 5
[    3.116883] scsi target2:0:0: Beginning Domain Validation
[    3.126752] scsi target2:0:0: Domain Validation skipping write tests
[    3.135570] scsi target2:0:0: Ending Domain Validation
[    3.145178] scsi target2:0:0: asynchronous
[    3.182368] random: fast init done
[    3.204848] scsi 2:0:1:0: Direct-Access     VBOX     HARDDISK         1.0  PQ: 0 ANSI: 5
[    3.592573] scsi target2:0:1: Beginning Domain Validation
[    3.598251] scsi target2:0:1: Domain Validation skipping write tests
[    3.601060] scsi target2:0:1: Ending Domain Validation
[    3.603665] scsi target2:0:1: asynchronous
[    3.624478] sd 2:0:0:0: Attached scsi generic sg0 type 0
[    3.624742] random: systemd-udevd: uninitialized urandom read (16 bytes read)
[    3.633886] sd 2:0:0:0: [sda] 20971520 512-byte logical blocks: (10.7 GB/10.0 GiB)
[    3.637560] sd 2:0:0:0: [sda] Write Protect is off
[    3.639950] random: systemd-udevd: uninitialized urandom read (16 bytes read)
[    3.643155] random: systemd-udevd: uninitialized urandom read (16 bytes read)
[    3.646638] sd 2:0:0:0: [sda] Incomplete mode parameter data
[    3.668867] sd 2:0:0:0: [sda] Assuming drive cache: write through
[    3.670779] e1000 0000:00:08.0 eth1: (PCI:33MHz:32-bit) 08:00:27:f1:cf:95
[    3.685171] sd 2:0:1:0: Attached scsi generic sg1 type 0
[    3.722482] e1000 0000:00:08.0 eth1: Intel(R) PRO/1000 Network Connection
[    3.745632] e1000 0000:00:03.0 enp0s3: renamed from eth0
[    3.817390] sd 2:0:1:0: [sdb] 20480 512-byte logical blocks: (10.5 MB/10.0 MiB)
[    3.829794] sd 2:0:1:0: [sdb] Write Protect is off
[    3.847146] sd 2:0:1:0: [sdb] Incomplete mode parameter data
[    3.858825] sd 2:0:1:0: [sdb] Assuming drive cache: write through
[    3.878547]  sda: sda1
[    3.886319] e1000 0000:00:08.0 enp0s8: renamed from eth1
[    3.887722] sd 2:0:0:0: [sda] Attached SCSI disk
[    3.927630] sd 2:0:1:0: [sdb] Attached SCSI disk
Begin: Loading essential drivers ... [    5.736363] raid6: sse2x1   gen()  3656 MB/s
[    5.784716] raid6: sse2x1   xor()  2757 MB/s
[    5.832357] raid6: sse2x2   gen()  4222 MB/s
[    5.880528] raid6: sse2x2   xor()  3365 MB/s
[    5.932967] raid6: sse2x4   gen()  5677 MB/s
[    5.980939] raid6: sse2x4   xor()  3366 MB/s
[    6.028903] raid6: avx2x1   gen()  9858 MB/s
[    6.077273] raid6: avx2x1   xor()  4769 MB/s
[    6.132479] raid6: avx2x2   gen() 10807 MB/s
[    6.189145] raid6: avx2x2   xor()  6622 MB/s
[    6.238642] raid6: avx2x4   gen() 13888 MB/s
[    6.292841] raid6: avx2x4   xor()  7720 MB/s
[    6.294801] raid6: using algorithm avx2x4 gen() 13888 MB/s
[    6.297069] raid6: .... xor() 7720 MB/s, rmw enabled
[    6.301112] raid6: using avx2x2 recovery algorithm
[    6.315203] xor: automatically using best checksumming function   avx       
[    6.325823] async_tx: api initialized (async)
done.
Begin: Running /scripts/init-premount ... done.
Begin: Mounting root file system ... Begin: Running /scripts/local-top ... done.
Begin: Running /scripts/local-premount ... [    6.437797] Btrfs loaded, crc32c=crc32c-intel
Scanning for Btrfs filesystems
done.
Warning: fsck not present, so skipping root file system
[    6.523202] EXT4-fs (sda1): mounted filesystem with ordered data mode. Opts: (null)
done.
Begin: Running /scripts/local-bottom ... done.
Begin: Running /scripts/init-bottom ... done.
[    6.882897] ip_tables: (C) 2000-2006 Netfilter Core Team
[    6.906522] systemd[1]: systemd 237 running in system mode. (+PAM +AUDIT +SELINUX +IMA +APPARMOR +SMACK +SYSVINIT +UTMP +LIBCRYPTSETUP +GCRYPT +GNUTLS +ACL +XZ +LZ4 +SECCOMP +BLKID +ELFUTILS +KMOD -IDN2 +IDN -PCRE2 default-hierarchy=hybrid)
[    6.919164] systemd[1]: Detected virtualization oracle.
[    6.921589] systemd[1]: Detected architecture x86-64.

Welcome to [1mUbuntu 18.04.3 LTS[0m!

[    6.950775] systemd[1]: Set hostname to <ubuntu>.
[    6.965244] systemd[1]: Initializing machine ID from random generator.
[    6.968052] systemd[1]: Installed transient /etc/machine-id file.
[    7.584773] systemd[1]: Reached target User and Group Name Lookups.
[[0;32m  OK  [0m] Reached target User and Group Name Lookups.
[    7.593943] systemd[1]: Created slice System Slice.
[[0;32m  OK  [0m] Created slice System Slice.
[    7.598803] systemd[1]: Listening on Journal Socket (/dev/log).
[[0;32m  OK  [0m] Listening on Journal Socket (/dev/log).
[    7.603562] systemd[1]: Created slice system-serial\x2dgetty.slice.
[[0;32m  OK  [0m] Created slice system-serial\x2dgetty.slice.
[[0;32m  OK  [0m] Listening on /dev/initctl Compatibility Named Pipe.
[[0;32m  OK  [0m] Listening on Journal Socket.
[[0;32m  OK  [0m] Listening on LVM2 metadata daemon socket.
         Starting Uncomplicated firewall...
         Starting Load Kernel Modules...
[[0;32m  OK  [0m] Listening on LVM2 poll daemon socket.
[[0;32m  OK  [0m] Created slice User and Session Slice.
[[0;32m  OK  [0m] Reached target Slices.
[[0;32m  OK  [0m] Started Forward Password Requests to Wall Directory Watch.
[[0;32m  OK  [0m] Reached target System Time Synchronized.
[[0;32m  OK  [0m] Reached target Swap.
[[0;32m  OK  [0m] Listening on Syslog Socket.
[    7.650402] Loading iSCSI transport class v2.0-870.
         Mounting Huge Pages File System...
[[0;32m  OK  [0m] Listening on Network Service Netlink Socket.
[[0;32m  OK  [0m] Listening on udev Kernel Socket.
         Mounting Kernel Debug File System...
[[0;32m  OK  [0m] Listening on Device-mapper event daemon FIFOs.
         Starting Monitoring of LVM2 mirrors…ng dmeventd or progress polling...
[[0;32m  OK  [0m] Listening on Journal Audit Socket.
[    7.682328] iscsi: registered transport (tcp)
         Starting Journal Service...
         Starting Create list of required st…ce nodes for the current kernel...
         Starting Set the console keyboard layout...
[[0;32m  OK  [0m] Listening on udev Control Socket.
         Starting udev Coldplug all Devices...
         Starting Remount Root and Kernel File Systems...
[[0;32m  OK  [0m] Set up automount Arbitrary Executab…rmats File System Automount Point.
         Mounting POSIX Message Queue File System...
[[0;32m  OK  [0m] Started Uncomplicated firewall.
[[0;32m  OK  [0m] Mounted Huge Pages File System.
[[0;32m  OK  [0m] Mounted Kernel Debug File System.
[[0;32m  OK  [0m] Started Create list of required sta…vice nodes for the current kernel.
[[0;32m  OK  [0m] Mounted POSIX Message Queue File System.
[[0;32m  OK  [0m[    7.872614] EXT4-fs (sda1): re-mounted. Opts: (null)
] Started Journal Service.
[[0;32m  OK  [0m] Started Remount Root and Kernel File Systems.
[[0;32m  OK  [0m] Started LVM2 metadata daemon.
         Starting Load/Save Random Seed...
         Starting Flush Journal to Persistent Storage...
         Starting Create Static Device Nodes in /dev...
[[0;32m  OK  [0m] Started Monitoring of LVM2 mirrors,…sing dmeventd or progress polling.
[[0;32m  OK  [0m] Started udev Coldplug all Devices.
[[0;32m  OK  [0m] Started Load/Save Random Seed.
[    7.971484] systemd-journald[404]: Received request to flush runtime journal from PID 1
[[0;32m  OK  [0m] Started Create Static Device Nodes in /dev.
         Starting udev Kernel Device Manager...
[    8.039316] iscsi: registered transport (iser)
[[0;32m  OK  [0m] Started Load Kernel Modules.
         Starting Apply Kernel Variables...
         Mounting FUSE Control File System...
         Mounting Kernel Configuration File System...
[[0;32m  OK  [0m] Mounted FUSE Control File System.
[[0;32m  OK  [0m] Mounted Kernel Configuration File System.
[[0;32m  OK  [0m] Started udev Kernel Device Manager.
[[0;32m  OK  [0m] Started Set the console keyboard layout.
[[0;32m  OK  [0m] Started Dispatch Password Requests to Console Directory Watch.
[[0;32m  OK  [0m] Reached target Local Encrypted Volumes.
[[0;32m  OK  [0m] Reached target Local File Systems (Pre).
[[0;32m  OK  [0m] Reached target Local File Systems.
         Starting ebtables ruleset management...
         Starting Tell Plymouth To Write Out Runtime Data...
         Starting Commit a transient machine-id on disk...
         Starting AppArmor initialization...
         Starting Set console font and keymap...
[[0;32m  OK  [0m] Started Flush Journal to Persistent Storage.
         Starting Create Volatile Files and Directories...
[[0;32m  OK  [0m] Started Tell Plymouth To Write Out Runtime Data.
[[0;32m  OK  [0m] Started Apply Kernel Variables.
[[0;32m  OK  [0m] Started Set console font and keymap.
[[0;32m  OK  [0m] Started Create Volatile Files and Directories.
         Starting Update UTMP about System Boot/Shutdown...
[[0;32m  OK  [0m] Started Update UTMP about System Boot/Shutdown.
[[0;32m  OK  [0m] Started Commit a transient machine-id on disk.
[[0;32m  OK  [0m] Started ebtables ruleset management.
[[0;32m  OK  [0m] Found device /dev/ttyS0.
[[0;32m  OK  [0m] Listening on Load/Save RF Kill Switch Status /dev/rfkill Watch.
[[0;32m  OK  [0m] Started AppArmor initialization.
         Starting Initial cloud-init job (pre-networking)...
[   12.823117] cloud-init[556]: Cloud-init v. 19.3-41-gc4735dd3-0ubuntu1~18.04.1 running 'init-local' at Sun, 26 Jan 2020 07:04:21 +0000. Up 12.02 seconds.
[[0;32m  OK  [0m] Started Initial cloud-init job (pre-networking).
[[0;32m  OK  [0m] Reached target Network (Pre).
         Starting Network Service...
[[0;32m  OK  [0m] Started Network Service.
         Starting Wait for Network to be Configured...
         Starting Network Name Resolution...
[[0;32m  OK  [0m] Started Network Name Resolution.
[[0;32m  OK  [0m] Reached target Network.
[[0;32m  OK  [0m] Reached target Host and Network Name Lookups.
[[0;32m  OK  [0m] Started Wait for Network to be Configured.
         Starting Initial cloud-init job (metadata service crawler)...
[   16.870762] cloud-init[674]: Cloud-init v. 19.3-41-gc4735dd3-0ubuntu1~18.04.1 running 'init' at Sun, 26 Jan 2020 07:04:26 +0000. Up 16.55 seconds.
[   16.874537] cloud-init[674]: ci-info: ++++++++++++++++++++++++++++++++++++++Net device info+++++++++++++++++++++++++++++++++++++++
[   16.879495] cloud-init[674]: ci-info: +--------+-------+----------------------------+---------------+--------+-------------------+
[   16.882959] cloud-init[674]: ci-info: | Device |   Up  |          Address           |      Mask     | Scope  |     Hw-Address    |
[   16.887848] cloud-init[674]: ci-info: +--------+-------+----------------------------+---------------+--------+-------------------+
[   16.892384] cloud-init[674]: ci-info: | enp0s3 |  True |         10.0.2.15          | 255.255.255.0 | global | 02:6f:f9:1e:39:dc |
[   16.895337] cloud-init[674]: ci-info: | enp0s3 |  True | fe80::6f:f9ff:fe1e:39dc/64 |       .       |  link  | 02:6f:f9:1e:39:dc |
[   16.899999] cloud-init[674]: ci-info: | enp0s8 | False |             .              |       .       |   .    | 08:00:27:f1:cf:95 |
[   16.904230] cloud-init[674]: ci-info: |   lo   |  True |         127.0.0.1          |   255.0.0.0   |  host  |         .         |
[   16.907974] cloud-init[674]: ci-info: |   lo   |  True |          ::1/128           |       .       |  host  |         .         |
[   16.911321] cloud-init[674]: ci-info: +--------+-------+----------------------------+---------------+--------+-------------------+
[   16.916506] cloud-init[674]: ci-info: ++++++++++++++++++++++++++++Route IPv4 info+++++++++++++++++++++++++++++
[   16.919452] cloud-init[674]: ci-info: +-------+-------------+----------+-----------------+-----------+-------+
[   16.922383] cloud-init[674]: ci-info: | Route | Destination | Gateway  |     Genmask     | Interface | Flags |
[   16.926020] cloud-init[674]: ci-info: +-------+-------------+----------+-----------------+-----------+-------+
[   16.928804] cloud-init[674]: ci-info: |   0   |   0.0.0.0   | 10.0.2.2 |     0.0.0.0     |   enp0s3  |   UG  |
[   16.931635] cloud-init[674]: ci-info: |   1   |   10.0.2.0  | 0.0.0.0  |  255.255.255.0  |   enp0s3  |   U   |
[   16.934670] cloud-init[674]: ci-info: |   2   |   10.0.2.2  | 0.0.0.0  | 255.255.255.255 |   enp0s3  |   UH  |
[   16.938563] cloud-init[674]: ci-info: +-------+-------------+----------+-----------------+-----------+-------+
[   16.953590] cloud-init[674]: ci-info: +++++++++++++++++++Route IPv6 info+++++++++++++++++++
[   16.958631] cloud-init[674]: ci-info: +-------+-------------+---------+-----------+-------+
[   16.976335] cloud-init[674]: ci-info: | Route | Destination | Gateway | Interface | Flags |
[   16.988426] cloud-init[674]: ci-info: +-------+-------------+---------+-----------+-------+
[   17.000431] cloud-init[674]: ci-info: |   1   |  fe80::/64  |    ::   |   enp0s3  |   U   |
[   17.016451] cloud-init[674]: ci-info: |   3   |    local    |    ::   |   enp0s3  |   U   |
[   17.032757] cloud-init[674]: ci-info: |   4   |   ff00::/8  |    ::   |   enp0s3  |   U   |
[   17.048886] cloud-init[674]: ci-info: +-------+-------------+---------+-----------+-------+
[   18.389257] cloud-init[674]: Generating public/private rsa key pair.
[   18.391461] cloud-init[674]: Your identification has been saved in /etc/ssh/ssh_host_rsa_key.
[   18.395404] cloud-init[674]: Your public key has been saved in /etc/ssh/ssh_host_rsa_key.pub.
[   18.401834] cloud-init[674]: The key fingerprint is:
[   18.403722] cloud-init[674]: SHA256:fxBNuk1n9CNYWHlwb2FYQJ0IINxnM3QvCMnm8lzBYCc root@ubuntu-bionic
[   18.413865] cloud-init[674]: The key's randomart image is:
[   18.415421] cloud-init[674]: +---[RSA 2048]----+
[   18.416379] cloud-init[674]: |      ..oE*+*BX=.|
[   18.430238] cloud-init[674]: |       .o=+%==+=o|
[   18.433025] cloud-init[674]: |        o =o*o+o+|
[   18.435703] cloud-init[674]: |       . . * oo..|
[   18.437947] cloud-init[674]: |        S + .    |
[   18.442851] cloud-init[674]: |         + .     |
[   18.446804] cloud-init[674]: |          . .    |
[   18.448949] cloud-init[674]: |           .     |
[   18.450566] cloud-init[674]: |                 |
[   18.452389] cloud-init[674]: +----[SHA256]-----+
[   18.455229] cloud-init[674]: Generating public/private dsa key pair.
[   18.474244] cloud-init[674]: Your identification has been saved in /etc/ssh/ssh_host_dsa_key.
[   18.485093] cloud-init[674]: Your public key has been saved in /etc/ssh/ssh_host_dsa_key.pub.
[   18.496069] cloud-init[674]: The key fingerprint is:
[   18.500060] cloud-init[674]: SHA256:LK8GGJDwc2n6hHxs7u7BZFC2XIao6righoC/rUJrztU root@ubuntu-bionic
[[0;32m  OK  [0m] Started Initial cloud-init job (metadata service crawler).
[   18.513564] cloud-init[674]: The key's randomart image is:
[[0;32m  OK  [0m] Reached target Cloud-config availability.
[   18.517988] cloud-init[[674]: [0;32m  OK  [0m+---[DSA 1024]----+] 
Reached target System Initialization.
[[0;32m  OK  [0m] Started ACPI Events Check.
[[0;32m  OK  [0m] Started Daily Cleanup of Temporary Directories.
[   18.526897] [[0;32m  OK  [0m] Reached target Paths.
         Starting LXD - unix socket.
cloud-init[674]: |o. .o.o          |
[   18.533749] cloud-init[674]: |o..+.=           |
[   18.535010] cloud-init[674]: | o+ *            |
[[0;32m  OK  [0m] Started Discard unused blocks once a week.
[[0;32m  OK  [0m] Started Message of the Day.
[[0;32m  OK  [0m] Listening on D-Bus System Message Bus Socket.
[[0;32m  OK  [0m] Started Daily apt download activities.
[   18.543118] cloud-init[674]: |...O   .         |
[   18.557686] cloud-init[674]: |o +oB . S        |
[   18.561817] cloud-init[674]: |+..Xo  o         |
[[0;32m  OK  [0m] Started Daily apt upgrade and clean activities.
[[0;32m  OK  [0m] Listening on ACPID Listen Socket.
[[0;32m  OK  [0m] Reached target Timers.
[[0;32m  OK  [0m] Listening on UUID daemon activation socket.
[[0;32m  OK  [0m] Listening on Open-iSCSI iscsid Socket.
         Starting Socket activation for snappy daemon.
[   18.566523] cloud-init[674]: |B...=E  .        |
[[0;32m  OK  [0m] Reached target Network is Online.
[   18.647747] cloud-init[674]: |B=oo ...         |
[   18.664040] cloud-init[674]: |*=o==..          |
[[0;32m  OK  [0m] Reached target Remote File Systems (Pre).
[[   18.664456] [0;32m  OK  [0mcloud-init] [674]: Reached target Remote File Systems.+----[SHA256]-----+

[   18.680575] cloud-init[674]: Generating public/private ecdsa key pair.
         Starting Availability of block devices...
[   18.693647] cloud-init[674]: Your identification has been saved in /etc/ssh/ssh_host_ecdsa_key.
[   18.701330] cloud-init[674]: Your public key has been saved in /etc/ssh/ssh_host_ecdsa_key.pub.
[[0;32m  OK  [0m] Listening on LXD - unix socket.
[   18.702338] cloud-init[674]: The key fingerprint is:
[[0;32m  OK  [0m[   18.706582] ] cloud-initListening on Socket activation for snappy daemon.[674]: 
SHA256:XbvaDNqrwEI/YrkfgQYDStruyXYet6RlypxZvQBmmv0 root@ubuntu-bionic
[[0;32m  OK  [0m] Started Availability of block devices.
[   18.711283] cloud-init[674]: The key's randomart image is:
[[0;32m  OK  [0m] Reached target Sockets.
[[0;32m  OK  [0m] Reached target Basic System.
[   18.716271] cloud-init[674]: +---[ECDSA 256]---+
[[0;32m  OK  [0m] Started Deferred execution scheduler.
[   18.746690] cloud-init[674]: |..               |
[[0;32m  OK  [0m] Started FUSE filesystem for LXC.
[   18.761641] cloud-init[674]: |+o               |
         Starting Pollinate to seed the pseudo random number generator...
[   18.772989] cloud-init[674]: |o +         .    |
[   18.781343] cloud-init[674]: | . o .   . . .   |
         Starting LSB: Record successful boot for GRUB...
[   18.797036] cloud-init[674]: |  . B . S . .    |
         Starting Accounts Service...
[   18.826781] cloud-init[674]: | o X = o     .   |
[   18.852726] cloud-init[674]: |  B O & . . .    |
[   18.866487] cloud-init[674]: | . * ^ * + =     |
[   18.868400] cloud-init[674]: |    X.E +.+.o    |
         Starting Dispatcher daemon for systemd-networkd...
[   18.880681] cloud-init[674]: +----[SHA256]-----+
         Starting LSB: automatic crash report generation...
[   18.887282] cloud-init[674]: Generating public/private ed25519 key pair.
[   18.903614] cloud-init[674]: Your identification has been saved in /etc/ssh/ssh_host_ed25519_key.
         Starting System Logging Service...
[   18.907362] cloud-init[674]: Your public key has been saved in /etc/ssh/ssh_host_ed25519_key.pub.
[   18.914468] cloud-init[674]: The key fingerprint is:
         Starting Virtualbox guest utils...
[   18.924917] cloud-init[674]: SHA256:yEbKV9JJG0/MMfAmzD8JbxR/j9XVkKfz+Szst/APBTw root@ubuntu-bionic
[   18.952547] cloud-init[674]: The key's randomart image is:
[   18.954003] cloud-init[674]: +--[ED25519 256]--+
[   18.955741] cloud-init[674]: |        ++=.  .oo|
[   18.968652] cloud-init[674]: |       = Bo+ .. =|
[   18.972650] cloud-init[674]: |      o X = . Eoo|
[   18.984713] cloud-init[674]: |   . + + B . .o* |
[   18.999092] cloud-init[674]: |    o = S *   .o+|
[   19.014415] cloud-init[674]: |     o   . .   o.|
[[0;32m  OK  [0m] Started Regular background program processing daemon.
[   19.026026] cloud-init[674]: |             o...|
         Starting Login Service...
[   19.052698] cloud-init[674]: |              =.+|
         Starting Snappy daemon...
[   19.082063] cloud-init[674]: |             ..=+|
[   19.097861] cloud-init[674]: +----[SHA256]-----+
[[0;32m  OK  [0m] Started irqbalance daemon.
         Starting Permit User Sessions...
[[0;32m  OK  [0m] Started D-Bus System Message Bus.
         Starting LXD - container startup/shutdown...
[[0;32m  OK  [0m] Started System Logging Service.
[[0;32m  OK  [0m] Started Permit User Sessions.
         Starting Terminate Plymouth Boot Screen...
         Starting Hold until boot process finishes up...
[[0;32m  OK  [0m] Started Terminate Plymouth Boot Screen.
[[0;32m  OK  [0m] Started Hold until boot process finishes up.
         Starting Set console scheme...
[[0;32m  OK  [0m] Started Serial Getty on ttyS0.
[[0;32m  OK  [0m] Started Login Service.
[[0;32m  OK  [0m] Started Unattended Upgrades Shutdown.
[[0;32m  OK  [0m] Started Set console scheme.
[[0;32m  OK  [0m] Created slice system-getty.slice.
[[0;32m  OK  [0m] Started Getty on tty1.
[[0;32m  OK  [0m] Reached target Login Prompts.
         Starting Authorization Manager...
[[0;32m  OK  [0m] Started LSB: automatic crash report generation.
[[0;32m  OK  [0m] Started LSB: Record successful boot for GRUB.
[[0;32m  OK  [0m] Started Virtualbox guest utils.
[[0;32m  OK  [0m] Started Authorization Manager.
[[0;32m  OK  [0m] Started Accounts Service.
[[0;32m  OK  [0m] Started Dispatcher daemon for systemd-networkd.
[[0;32m  OK  [0m] Started LXD - container startup/shutdown.
[[0;32m  OK  [0m] Started Snappy daemon.
         Starting Wait until snapd is fully seeded...
[[0;32m  OK  [0m] Started Pollinate to seed the pseudo random number generator.
         Starting OpenBSD Secure Shell server...
[[0;32m  OK  [0m] Started OpenBSD Secure Shell server.
[[0;32m  OK  [0m] Created slice User Slice of vagrant.
         Starting User Manager for UID 1000...
[[0;32m  OK  [0m] Started Session 1 of user vagrant.
[[0;32m  OK  [0m] Started User Manager for UID 1000.

Ubuntu 18.04.3 LTS ubuntu-bionic ttyS0

ubuntu-bionic login: [   51.400874] cloud-init[1991]: Cloud-init v. 19.3-41-gc4735dd3-0ubuntu1~18.04.1 running 'modules:config' at Sun, 26 Jan 2020 07:05:00 +0000. Up 50.69 seconds.
ci-info: no authorized ssh keys fingerprints found for user ubuntu.
<14>Jan 26 07:05:02 ec2: 
<14>Jan 26 07:05:02 ec2: #############################################################
<14>Jan 26 07:05:02 ec2: -----BEGIN SSH HOST KEY FINGERPRINTS-----
<14>Jan 26 07:05:02 ec2: 1024 SHA256:LK8GGJDwc2n6hHxs7u7BZFC2XIao6righoC/rUJrztU root@ubuntu-bionic (DSA)
<14>Jan 26 07:05:02 ec2: 256 SHA256:XbvaDNqrwEI/YrkfgQYDStruyXYet6RlypxZvQBmmv0 root@ubuntu-bionic (ECDSA)
<14>Jan 26 07:05:02 ec2: 256 SHA256:yEbKV9JJG0/MMfAmzD8JbxR/j9XVkKfz+Szst/APBTw root@ubuntu-bionic (ED25519)
<14>Jan 26 07:05:02 ec2: 2048 SHA256:fxBNuk1n9CNYWHlwb2FYQJ0IINxnM3QvCMnm8lzBYCc root@ubuntu-bionic (RSA)
<14>Jan 26 07:05:02 ec2: -----END SSH HOST KEY FINGERPRINTS-----
<14>Jan 26 07:05:02 ec2: #############################################################
-----BEGIN SSH HOST KEY KEYS-----
ecdsa-sha2-nistp256 AAAAE2VjZHNhLXNoYTItbmlzdHAyNTYAAAAIbmlzdHAyNTYAAABBBLHBGq/E5utsez0j/DADdEy2Bd4BbkeQfwY9/CHmFa8ubbrC2YHORZrqVoCMUrGDKfi2v8pbg983zPxfwePV8co= root@ubuntu-bionic
ssh-ed25519 AAAAC3NzaC1lZDI1NTE5AAAAIBXg23mcLXM3kmyF88d9jFwHEOBsWoO/thkK53ZNTnSA root@ubuntu-bionic
ssh-rsa AAAAB3NzaC1yc2EAAAADAQABAAABAQC/62UGv2BH90aLrLKVG4GPcMQgiUx3WADPDoKPjYlY16rhRB4eZHJEEXqe8T9GW4lpTP0yS58+JPMqcvbSdr0gqO4oYGGOBNFuSVv0tLyh1W6LA/W3/qx+PkbakzsbvYsa+qGaJXvEnRvqP85je25IvbXeBZ7A3MHIxI9TGdnL3DPaAYy/7RxwuCX4RSFmiU4WtGcxispbVM0sVTnjIZIXFtB0cJfwna+PuZphu1+90OMlDToDjh22UArW+NYdblUviuxTr5lFhx2QJsHZKflHH9ZULTQsAyzQA+7mEv/CdTHxjE9QWGoLGX1kwV/ZlAvT4rc3VWt2MAKfd39c6oxP root@ubuntu-bionic
-----END SSH HOST KEY KEYS-----
[   52.370748] cloud-init[2044]: Cloud-init v. 19.3-41-gc4735dd3-0ubuntu1~18.04.1 running 'modules:final' at Sun, 26 Jan 2020 07:05:01 +0000. Up 52.09 seconds.
[   52.375635] cloud-init[2044]: ci-info: no authorized ssh keys fingerprints found for user ubuntu.
[   52.378705] cloud-init[2044]: Cloud-init v. 19.3-41-gc4735dd3-0ubuntu1~18.04.1 finished at Sun, 26 Jan 2020 07:05:02 +0000. Datasource DataSourceNoCloud [seed=/dev/sdb][dsmode=net].  Up 52.35 seconds
[[0;32m  OK  [0m] Closed Load/Save RF Kill Switch Status /dev/rfkill Watch.
[[0;32m  OK  [0m] Stopped target Cloud-init target.
               Stopping User Manager for UID 1000...
         Stopping Authorization Manager...
[[0;32m  OK  [0m] Closed Load/Save RF Kill Switch Status /dev/rfkill Watch.
[[0;32m  OK  [0m] Stopped target Graphical Interface.
[[0;32m  OK  [0m] Stopped target Cloud-init target.
[[0;32m  OK  [0m] Stopped target Host and Network Name Lookups.
         Stopping Session 7 of user vagrant.
         Stopping Accounts Service...
[[0;32m  OK  [0m] Stopped target Timers.
[[0;32m  OK  [0m] Stopped Daily apt upgrade and clean activities.
[[0;32m  OK  [0m] Stopped Message of the Day.
[[0;32m  OK  [0m] Stopped Discard unused blocks once a week.
         Stopping Availability of block devices...
[[0;32m  OK  [0m] Stopped Daily Cleanup of Temporary Directories.
[[0;32m  OK  [0m] Stopped Daily apt download activities.
[[0;32m  OK  [0m] Stopped target System Time Synchronized.
[[0;32m  OK  [0m] Stopped Execute cloud user/final scripts.
[[0;32m  OK  [0m] Stopped Apply the settings specified in cloud-config.
[[0;32m  OK  [0m] Stopped target Network is Online.
[[0;32m  OK  [0m] Stopped target Cloud-config availability.
[[0;32m  OK  [0m] Stopped target Multi-User System.
         Stopping LSB: automatic crash report generation...
         Stopping Dispatcher daemon for systemd-networkd...
         Stopping Open         Stopping LXD - container startup/shutdown...
[[0;32m  OK  [0m] Unmounted /var/lib/lxcfs.
[[0;32m  OK  [0m] Stopped Dispatcher daemon for systemd-networkd.
[[0;32m  OK  [0m] Stopped System Logging Service.
[[0;32m  OK  [0m] Stopped irqbalance daemon.
[[0;32m  OK  [0m] Stopped Deferred execution scheduler.
[[0;32m  OK  [0m] Stopped Regular background program processing daemon.
[[0;32m  OK  [0m] Stopped Accounts Service.
[[0;32m  OK  [0m] Stopped Serial Getty on ttyS0.
[[0;32m  OK  [0m] Stopped Unattended Upgrades Shutdown.
[[0;32m  OK  [0m] Stopped Getty on tty1.
[[0;32m  OK  [0m] Stopped Authorization Manager.
[[0;32m  OK  [0m] Stopped OpenBSD Secure Shell server.
[[0;32m  OK  [0m] Stopped User Manager for UID 1000.
[[0;32m  OK  [0m] Stopped Availability of block devices.
[[0;32m  OK  [0m] Stopped D-Bus System Message Bus.
[[0;32m  OK  [0m] Stopped FUSE filesystem for LXC.
[[0;32m  OK  [0m] Stopped Session 7 of user vagrant.
[[0;32m  OK  [0m] Removed slice User Slice of vagrant.
[[0;32m  OK  [0m] Removed slice system-getty.slice.
         Stopping Login Service...
         Stopping Permit User Sessions...
[[0;32m  OK  [0m] Removed slice system-serial\x2dgetty.slice.
[[0;32m  OK  [0m] Stopped LXD - container startup/shutdown.
[[0;32m  OK  [0m] Stopped LSB: automatic crash report generation.
[[0;32m  OK  [0m] Stopped Permit User Sessions.
[[0;32m  OK  [0m] Stopped LSB: Record successful boot for GRUB.
[[0;32m  OK  [0m] Stopped Login Service.
[[0;32m  OK  [0m] Stopped target User and Group Name Lookups.
[[0;32m  OK  [0m] Stopped target Network.
         Stopping Network Name Resolution...
[[0;32m  OK  [0m] Stopped target Remote File Systems.
[[0;32m  OK  [0m] Stopped target Remote File Systems (Pre).
[[0;32m  OK  [0m] Stopped Network Name Resolution.
[[0;32m  OK  [0m] Stopped Virtualbox guest utils.
[[0;32m  OK  [0m] Stopped target Basic System.
[[0;32m  OK  [0m] Stopped target Paths.
[[0;32m  OK  [0m] Stopped ACPI Events Check.
[[0;32m  OK  [0m] Stopped target Slices.
[[0;32m  OK  [0m] Removed slice User and Session Slice.
[[0;32m  OK  [0m] Stopped target Sockets.
[[0;32m  OK  [0m] Closed Syslog Socket.
[[0;32m  OK  [0m] Closed ACPID Listen Socket.
[[0;32m  OK  [0m] Closed LXD - unix socket.
[[0;32m  OK  [0m] Closed D-Bus System Message Bus Socket.
[[0;32m  OK  [0m] Closed UUID daemon activation socket.
[[0;32m  OK  [0m] Closed Socket activation for snappy daemon.
[[0;32m  OK  [0m] Closed Open-iSCSI iscsid Socket.
[[0;32m  OK  [0m] Stopped target System Initialization.
[[0;32m  OK  [0m] Stopped Commit a transient machine-id on disk.
         Stopping Update UTMP about System Boot/Shutdown...
[[0;32m  OK  [0m] Stopped Initial cloud-init job (metadata service crawler).
         Stopping Load/Save Random Seed...
[[0;32m  OK  [0m] Stopped target Local Encrypted Volumes.
[[0;32m  OK  [0m] Stopped Forward Password Requests to Wall Directory Watch.
[[0;32m  OK  [0m] Stopped Dispatch Password Requests to Console Directory Watch.
         Stopping Network Service...
[[0;32m  OK  [0m] Stopped Load/Save Random Seed.
[[0;32m  OK  [0m] Stopped Update UTMP about System Boot/Shutdown.
[[0;32m  OK  [0m] Stopped Create Volatile Files and Directories.
[[0;32m  OK  [0m] Stopped target Local File Systems.
         Unmounting /vagrant...
         Unmounting /run/user/1000...
         Unmounting /vagrant_data...
[[0;32m  OK  [0m] Stopped Network Service.
[[0;32m  OK  [0m] Unmounted /vagrant.
[[0;32m  OK  [0m] Unmounted /run/user/1000.
[[0;32m  OK  [0m] Unmounted /vagrant_data.
[[0;32m  OK  [0m] Stopped target Swap.
[[0;32m  OK  [0m] Reached target Unmount All Filesystems.
[[0;32m  OK  [0m] Stopped target Local File Systems (Pre).
         Stopping Monitoring of LVM2 mirrors…ng dmeventd or progress polling...
[[0;32m  OK  [0m] Stopped Create Static Device Nodes in /dev.
[[0;32m  OK  [0m] Stopped target Network (Pre).
[[0;32m  OK  [0m] Stopped Initial cloud-init job (pre-networking).
[[0;32m  OK  [0m] Stopped Remount Root and Kernel File Systems.
[[0;32m  OK  [0m] Stopped Apply Kernel Variables.
[[0;32m  OK  [0m] Stopped Load Kernel Modules.
[[0;32m  OK  [0m] Reached target Shutdown.
[[0;32m  OK  [0m] Reached target Final Step.
         Starting Power-Off...
[[0;32m  OK  [0m] Stopped Monitoring of LVM2 mirrors,…sing dmeventd or progress polling.
         Stopping LVM2 metadata daemon...
[[0;32m  OK  [0m] Stopped LVM2 metadata daemon.
[  787.578119] reboot: Power down
eventd or progress polling...
[[0;32m  OK  [0m] Stopped Remount Root and Kernel File Systems.
[[0;32m  OK  [0m] Stopped Create Static Device Nodes in /dev.
[[0;32m  OK  [0m] Reached target Shutdown.
[[0;32m  OK  [0m] Reached target Final Step.
         Starting Power-Off...
[[0;32m  OK  [0m] Stopped Monitoring of LVM2 mirrors,…sing dmeventd or progress polling.
         Stopping LVM2 metadata daemon...
[[0;32m  OK  [0m] Stopped LVM2 metadata daemon.
[  651.845279] reboot: Power down
